<?xml version="1.0" encoding="UTF-8"?>
<!-- Generated by org.testng.reporters.JUnitReportReporter -->
<testsuite hostname="LAPTOP-AR6HAPIH" failures="0" tests="1" name="alphaTests.VerifyElement" time="5.186" errors="0" timestamp="2022-06-30T00:30:02 IST" skipped="0">
  <testcase classname="alphaTests.VerifyElement" name="identifyTest" time="5.186"/>
</testsuite> <!-- alphaTests.VerifyElement -->
